Done:AIR_1
Done:AIR_10
Done:AIR_11
Done:AIR_12
Done:AIR_13
Done:AIR_14
Done:AIR_15
Done:AIR_16
Done:AIR_17
Done:AIR_18
Done:AIR_2
Done:AIR_2_1
Done:AIR_3
Done:AIR_3_1
Done:AIR_39
Done:AIR_4
Done:AIR_41
Done:AIR_42
Done:AIR_43
Done:AIR_44
Done:AIR_45
Done:AIR_5
Done:AIR_50
Done:AIR_51
Done:AIR_52
Done:AIR_6
Done:AIR_7
Done:AIR_8
Done:AIR_9
Done:AIR_90
Done:AMRGLASS_COORD01
Done:AMRGLASS_COORD02
Done:AMRGLASS_COORD03
Done:AMRGLASS_COORD04
Done:AMRGLASS_QA01
Done:AMRGLASS_QA02
Done:AMRGLASS_QA03
Done:AMRGLASS_QA04
Done:AMRGLASS_QA05
Done:AMRGLASS_SURVL01
Done:AMRGLASS_SURVL02
Done:AMRGLASS_SURVL03
Done:anc1
Done:anc15
Done:anc4
Done:anc45
Done:ANEMIANPW
Done:ANEMIAPW
Done:ANEMIAU5
Done:asfr1
Done:bcgv
Done:BP_03
Done:BP_04
Done:BP_05
Done:BP_06
Done:Camp_airtime
Done:Camp_aud_research
Done:Camp_eval_impact
Done:Camp_gov_prog
Done:Camp_mat_tested
Done:Camp_media_planning
Done:Camp_nat
Done:Camp_news
Done:Camp_tv_radio
Done:carep
Done:CaseCS
Done:CATARACTSURGICAL
Done:CATARACTSURGICALEFFECTIVE
Done:CC_1
Done:CC_2
Done:CC_3
Done:CC_4
Done:CC_5
Done:CC_6
Done:CC_7
Done:CC_8
Done:cci
Done:cci2030
Done:CCO_1
Done:CCO_2
Done:CCO_3
Done:CHILDMORT5TO14
Done:CHOL_01
Done:CHOL_02
Done:CHOL_03
Done:CHOL_04
Done:CHOL_05
Done:CHOL_06
Done:CHOLERA_0000000001
Done:CHOLERA_0000000002
Done:CHOLERA_0000000003
Done:CM_01
Done:CM_02
Done:CM_03
Done:cpmo
Done:cpmt
Done:csection
Done:csection5
Done:DEVICES00
Done:DEVICES01
Done:DEVICES02
Done:DEVICES03
Done:DEVICES04
Done:DEVICES05
Done:DEVICES06
Done:DEVICES07
Done:DEVICES08
Done:DEVICES09
Done:DEVICES10
Done:DEVICES11
Done:DEVICES12
Done:DEVICES13
Done:DEVICES14
Done:DEVICES15
Done:DEVICES16
Done:DEVICES17
Done:DEVICES18
Done:DEVICES19
Done:DEVICES20
Done:DEVICES21
Done:DEVICES22
Done:DEVICES23
Done:dptv
Done:E_Group
Done:E1_compliance
Done:E1_nat_tv_radio
Done:E10_compliance
Done:E10_promo_discounts
Done:E11_brand_stretching
Done:E11_compliance
Done:E12_brand_sharing
Done:E12_compliance
Done:E13_brand_placement
Done:E13_compliance
Done:E14_compliance
Done:E14_prod_tv_films
Done:E14a_prod_tv_films
Done:E14b_movies_anti_tob_ads
Done:E15_compliance
Done:E15_sponsored_events
Done:E15a_sponsorship
Done:E15b_sponsor_contribution
Done:E15c_sponsor_publicity
Done:E16_csr_promo_self
Done:E17_csr_promo_others
Done:E18_csr_anti_tobacco_media
Done:E19_movies_anti_tob_ads
Done:E2_intl_tv_radio
Done:E21_vending_machines
Done:E22_subnational_exists
Done:E23_subnat_complete_bans_exist
Done:E24_internet_sales_ban
Done:E25_ban_display_pt_of_sale
Done:E26_direct_ad_fines
Done:E27_indirect_ad_fines
Done:E3_compliance
Done:E3_nat_print
Done:E4_intl_print
Done:E5_billboards
Done:E5_compliance
Done:E6_compliance
Done:E6_pt_of_sale
Done:E6b_ban_display_pt_of_sale
Done:E7_internet
Done:E9_compliance
Done:E9_free_distrib
Done:ebreast
Done:ebreast5
Done:EC_direct_compliance
Done:EC_indirect_compliance
Done:EMFLIMITELECTRIC
Done:EMFLIMITELECTRICLF
Done:EMFLIMITELECTRICRF
Done:EMFLIMITMAGNETIC
Done:EMFLIMITPOWERDENSITY
Done:EMFPOWERFREQUENCY
Done:EMFSAR
Done:EMFSTANDARD
Done:EMFSTATUS
Done:EQ_ADOBIRTH
Done:EQ_ANC
Done:EQ_BMI30
Done:EQ_CONTRACEPTIVE
Done:EQ_DTP3
Done:EQ_HIVPREV
Done:EQ_HOUSENETS
Done:EQ_INFANTMORT
Done:EQ_ITN
Done:EQ_ITNUNDER5
Done:EQ_KNHIV
Done:EQ_MEAIMM
Done:EQ_OPENDEFECATION
Done:EQ_OVERWEIGHT
Done:EQ_SBA
Done:EQ_SLEPTNETS
Done:EQ_SLUM
Done:EQ_SOLIDFUELS
Done:EQ_STUNT
Done:EQ_TOBACCO
Done:EQ_U5MORT
Done:EQ_U5SLEPTNETS
Done:EQ_UNDERWEIGHT
Done:EQ_URBPOP
Done:EQ_URBSLUM
Done:EQ_WATER
Done:EQ_WATERIMPROVED
Done:EQ_WATERPIPED
Done:EQ_WATERPREMISES
Done:FINPROTECTION_CATA_ESTIMATE_AVAILABLE
Done:FINPROTECTION_CATA_TOT_10_LEVEL_MILLION
Done:FINPROTECTION_CATA_TOT_10_LEVEL_SH
Done:FINPROTECTION_CATA_TOT_10_POP
Done:FINPROTECTION_CATA_TOT_25_LEVEL_MILLION
Done:FINPROTECTION_CATA_TOT_25_LEVEL_SH
Done:FINPROTECTION_CATA_TOT_25_POP
Done:FINPROTECTION_IMP_NP_190_LEVEL_MILLION
Done:FINPROTECTION_IMP_NP_190_LEVEL_SH
Done:FINPROTECTION_IMP_NP_310_LEVEL_MILLION
Done:FINPROTECTION_IMP_NP_310_LEVEL_SH
Done:FINPROTECTION_IMP_NP190_POP
Done:FINPROTECTION_IMP_NP310_POP
Done:FINPROTECTION_IMP_PG_190
Done:FINPROTECTION_IMP_PG_190_STD
Done:FINPROTECTION_IMP_PG_310
Done:FINPROTECTION_IMP_PG_310_STD
Done:FINPROTECTION_IMPOV_ESTIMATE_AVAILABLE
Done:fps
Done:fpsmo
Done:fullv
Done:GBD_DALYRTAGE
Done:GDO_q10x1
Done:GDO_q10x1x1
Done:GDO_q10x1x2
Done:GDO_q10x2_1AVAIL
Done:GDO_q10x2_HOSUE
Done:GDO_q10x2_TECH
Done:GDO_q11x1
Done:GDO_q11x2x1
Done:GDO_q11x2x2_1
Done:GDO_q11x2x2_2
Done:GDO_q11x2x2_3
Done:GDO_q11x2x3
Done:GDO_q11x2x5
Done:GDO_q11x2x6
Done:GDO_q12x1
Done:GDO_q12x1x1
Done:GDO_q12x1x2
Done:GDO_q12x1x3
Done:GDO_q12x2_1
Done:GDO_q12x2_2
Done:GDO_q12x2_3
Done:GDO_q12x2_4
Done:GDO_q12x2_5
Done:GDO_q12x2x1x1_1
Done:GDO_q12x2x1x1_1NGO
Done:GDO_q12x2x1x1_1PRV
Done:GDO_q12x2x1x1_1PUB
Done:GDO_q12x2x1x1_2
Done:GDO_q12x2x1x1_2NGO
Done:GDO_q12x2x1x1_2PRV
Done:GDO_q12x2x1x1_2PUB
Done:GDO_q12x2x1x1_3
Done:GDO_q12x2x1x1_3NGO
Done:GDO_q12x2x1x1_3PRV
Done:GDO_q12x2x1x1_3PUB
Done:GDO_q12x2x1x1_4
Done:GDO_q12x2x1x1_4NGO
Done:GDO_q12x2x1x1_4PRV
Done:GDO_q12x2x1x1_4PUB
Done:GDO_q12x2x1x1_5
Done:GDO_q12x2x1x1_5NGO
Done:GDO_q12x2x1x1_5PRV
Done:GDO_q12x2x1x1_5PUB
Done:GDO_q12x2x1x3
Done:GDO_q12x2x2x3
Done:GDO_q12x2x3x3
Done:GDO_q12x2x4x3
Done:GDO_q12x2x5x3
Done:GDO_q13x1
Done:GDO_q13x1x1
Done:GDO_q13x3
Done:GDO_q13x3x1
Done:GDO_q14x1
Done:GDO_q14x2_1
Done:GDO_q14x2_2
Done:GDO_q14x2_3
Done:GDO_q14x2_4
Done:GDO_q14x2_5
Done:GDO_q14x2_6
Done:GDO_q15x1
Done:GDO_q15x2_1
Done:GDO_q15x2_2
Done:GDO_q15x2_3
Done:GDO_q15x2_4
Done:GDO_q15x2_5
Done:GDO_q15x2_6
Done:GDO_q15x2_7
Done:GDO_q15x2_8
Done:GDO_q16x1
Done:GDO_q16x1x1_1
Done:GDO_q16x1x1_2
Done:GDO_q16x1x1_3
Done:GDO_q16x1x1_4
Done:GDO_q16x1x1_other
Done:GDO_q16x1x2_1
Done:GDO_q16x1x2_2
Done:GDO_q16x2_1
Done:GDO_q16x2_2
Done:GDO_q16x2_3
Done:GDO_q16x2_4
Done:GDO_q16x2_5
Done:GDO_q16x3
Done:GDO_q17x1
Done:GDO_q17x1x1
Done:GDO_q17x2
Done:GDO_q17x2x1_1
Done:GDO_q17x2x1_2
Done:GDO_q17x2x1_3
Done:GDO_q17x2x1_4
Done:GDO_q17x2x2
Done:GDO_q18x2
Done:GDO_q18x2x1_1
Done:GDO_q18x2x3_1
Done:GDO_q18x2x3_2
Done:GDO_q18x2x3_3
Done:GDO_q19x2
Done:GDO_q19x3
Done:GDO_q19x3x1_1
Done:GDO_q1x1
Done:GDO_q1x1x1
Done:GDO_q1x2
Done:GDO_q20
Done:GDO_q2x1
Done:GDO_q2x1x2
Done:GDO_q2x1x3
Done:GDO_q2x2
Done:GDO_Q2x2x1_AGE
Done:GDO_Q2x2x1_DISAB
Done:GDO_Q2x2x1_MENTAL
Done:GDO_Q2x2x1_NCD
Done:GDO_q2x2x1_other
Done:GDO_q2x3
Done:GDO_q2x3x1_1
Done:GDO_q2x4_1
Done:GDO_q2x4_2
Done:GDO_q2x4_3
Done:GDO_q2x4_4
Done:GDO_q2x4_5
Done:GDO_q2x5_1
Done:GDO_q2x5_2
Done:GDO_q2x5_3
Done:GDO_q2x5_4
Done:GDO_q2x5_5
Done:GDO_q2x5_6
Done:GDO_q2x5_7
Done:GDO_q35
Done:GDO_q3x1
Done:GDO_q3x1x1_1
Done:GDO_q3x2
Done:GDO_q3x3a_1
Done:GDO_q3x3a_2
Done:GDO_q3x3a_3
Done:GDO_q3x3a_4
Done:GDO_q3x3b_1
Done:GDO_q3x4_1
Done:GDO_q3x4_2
Done:GDO_q3x4_3
Done:GDO_q4x1
Done:GDO_q4x1x1_SQ001
Done:GDO_q4x1x1_SQ002
Done:GDO_q4x1x2
Done:GDO_q4x2_1
Done:GDO_q4x2_2
Done:GDO_q4x2_3
Done:GDO_q4x2_4
Done:GDO_q4x2_5
Done:GDO_q4x3x4_1
Done:GDO_q4x3x4_2
Done:GDO_q4x3x4_3
Done:GDO_q4x3x4_4
Done:GDO_q5x1
Done:GDO_q5x1x1_1
Done:GDO_q5x1x1_2
Done:GDO_q5x1x1_3
Done:GDO_q5x1x1_4
Done:GDO_q5x1x1_5
Done:GDO_q5x1x1_6
Done:GDO_q5x1x1_7
Done:GDO_q5x1x1_8
Done:GDO_q5x1x1_other
Done:GDO_q5x1x2
Done:GDO_q5x1x3
Done:GDO_q5x2
Done:GDO_q6x1_2
Done:GDO_q6x1_3
Done:GDO_q6x2_1
Done:GDO_q6x2_2
Done:GDO_q6x2_3
Done:GDO_q6x2_4
Done:GDO_q6x2_5
Done:GDO_q6x2_6
Done:GDO_q7x1_AVAIL
Done:GDO_q8x1
Done:GDO_q8x2_1
Done:GDO_q8x2_2
Done:GDO_q8x2_3
Done:GDO_q8x2_4
Done:GDO_q8x2_5
Done:GDO_q8x2_6
Done:GDO_q8x3_1
Done:GDO_q8x3_2
Done:GDO_q8x3_3
Done:GDO_q8x3_4
Done:GDO_q8x3_5
Done:GDO_q8x3_6
Done:GDO_q8x4_1
Done:GDO_q8x4_2
Done:GDO_q8x4_3
Done:GDO_q8x4_4
Done:GDO_q8x4_5
Done:GDO_q8x4_6
Done:GDO_q8x5_2
Done:GDO_q8x5_3
Done:GDO_q8x5_4
Done:GDO_q8x5_5
Done:GDO_q8x5_6
Done:GDO_q9_1
Done:GDO_q9_2
Done:GDO_q9_3
Done:GDO_q9_4
Done:GDO_q9_5
Done:GDO_q9_6
Done:GDO_q9x1_3
Done:GDO_q9x1_4
Done:GDO_q9x1_5
Done:GDO_q9x1_7
Done:GDO_q9x2_1
Done:GDO_q9x2_2
Done:GDO_q9x2_3
Done:GDO_q9x2_4
Done:GDO_q9x2_5
Done:GDO_q9x3_1
Done:GDO_q9x3_2
Done:GDO_q9x3_3
Done:GDO_q9x4_1
Done:GDO_q9x4_2
Done:GDO_q9x4_3
Done:GDO_q9x5_1
Done:GDO_q9x5_2
Done:GDO_q9x6_1
Done:GDO_q9x6_2
Done:GHE_DALYNUM
Done:GHE_DALYRATE
Done:GHE_YLDNUM
Done:GHE_YLDRATE
Done:GHE_YLLNUM
Done:GHE_YLLRATE
Done:GHED_CHE_pc_PPP_SHA2011
Done:GHED_CHE_pc_US_SHA2011
Done:GHED_CHEGDP_SHA2011
Done:GHED_EXT_pc_PPP_SHA2011
Done:GHED_EXT_pc_US_SHA2011
Done:GHED_EXTCHE_SHA2011
Done:GHED_GGHE-D_pc_PPP_SHA2011
Done:GHED_GGHE-D_pc_US_SHA2011
Done:GHED_GGHE-DCHE_SHA2011
Done:GHED_GGHE-DGDP_SHA2011
Done:GHED_GGHE-DGGE_SHA2011
Done:GHED_OOP_pc_PPP_SHA2011
Done:GHED_OOP_pc_US_SHA2011
Done:GHED_OOPSCHE_SHA2011
Done:GHED_PVT-D_pc_PPP_SHA2011
Done:GHED_PVT-D_pc_US_SHA2011
Done:GHED_PVT-DCHE_SHA2011
Done:GOE_Q001
Done:GOE_Q002
Done:GOE_Q003
Done:GOE_Q004
Done:GOE_Q006
Done:GOE_Q007
Done:GOE_Q008
Done:GOE_Q009
Done:GOE_Q010
Done:GOE_Q011
Done:GOE_Q012
Done:GOE_Q013
Done:GOE_Q014
Done:GOE_Q015
Done:GOE_Q017
Done:GOE_Q018
Done:GOE_Q022
Done:GOE_Q028
Done:GOE_Q030_1
Done:GOE_Q030_2
Done:GOE_Q030_3
Done:GOE_Q030_4
Done:GOE_Q030_5
Done:GOE_Q031
Done:GOE_Q032
Done:GOE_Q047
Done:GOE_Q057
Done:GOE_Q058
Done:GOE_Q059
Done:GOE_Q060
Done:GOE_Q061
Done:GOE_Q062
Done:GOE_Q063
Done:GOE_Q064
Done:GOE_Q065
Done:GOE_Q069
Done:GOE_Q070
Done:GOE_Q081
Done:GOE_Q103
Done:GOE_Q104_1
Done:GOE_Q104_2
Done:GOE_Q104_3
Done:GOE_Q109
Done:GOE_Q118
Done:GOE_Q119_1
Done:GOE_Q119_2
Done:GOE_Q119_3
Done:GOE_Q120
Done:GOE_Q122
Done:GOE_Q131
Done:GOE_Q132
Done:GOE_Q133
Done:GOE_Q134
Done:GOE_Q135
Done:GOE_Q136
Done:GOE_Q137
Done:GOE_Q138
Done:GOE_Q139
Done:GOE_Q140
Done:GOE_Q144
Done:GOE_Q146
Done:GOE_Q153
Done:GOE_Q154
Done:GOE_Q155
Done:GOE_Q156
Done:GOE_Q157
Done:GOE_Q158
Done:GOE_Q159
Done:GOE_Q160
Done:GOE_Q161
Done:GOE_Q162
Done:GOE_Q168
Done:GOE_Q169
Done:GOE_Q170
Done:GOE_Q171
Done:GOE_Q172
Done:GOE_Q173
Done:GOE_Q174
Done:GOE_Q175
Done:GOE_Q176
Done:GOE_Q177
Done:GOE_Q178
Done:GOE_Q181
Done:GOE_Q182
Done:GOE_Q196
Done:GOE_Q197
Done:GOE_Q198
Done:GOE_Q199
Done:GOE_Q200
Done:GOE_Q201
Done:GOE_Q202
Done:GOE_Q203
Done:HIV_0000000001
Done:HIV_0000000006
Done:HIV_0000000007
Done:HIV_0000000008
Done:HIV_0000000009
Done:HIV_0000000011
Done:HIV_0000000012
Done:HIV_0000000015
Done:HIV_0000000017
Done:HIV_0000000018
Done:HIV_0000000019
Done:HIV_0000000020
Done:HIV_0000000021
Done:HIV_0000000022
Done:HIV_0000000023
Done:HIV_0000000024
Done:HIV_0000000025
Done:HIV_0000000026
Done:HIV_ARTCOVERAGE
Done:HRH_01
Done:HRH_02
Done:HRH_03
Done:HRH_04
Done:HRH_05
Done:HRH_06
Done:HRH_07
Done:HRH_08
Done:HRH_09
Done:HRH_10
Done:HRH_11
Done:HRH_12
Done:HRH_13
Done:HRH_14
Done:HRH_15
Done:HRH_16
Done:HRH_17
Done:HRH_18
Done:HRH_19
Done:HRH_20
Done:HRH_21
Done:HRH_22
Done:HRH_23
Done:HRH_24
Done:HRH_25
Done:HRH_26
Done:HRH_27
Done:HRH_28
Done:HRH_29
Done:HRH_30
Done:HRH_31
Done:HRH_32
Done:HRH_33
Done:HRH_40
Done:HRH_41
Done:HRH_42
Done:HRH_43
Done:HRH_44
Done:HRH_45
Done:HRH_46
Done:HSS_UHCLEGISLATION
Done:HWF_0001
Done:HWF_0002
Done:HWF_0003
Done:HWF_0004
Done:HWF_0005
Done:HWF_0006
Done:HWF_0007
Done:HWF_0008
Done:HWF_0009
Done:HWF_0010
Done:HWF_0011
Done:HWF_0012
Done:HWF_0013
Done:HWF_0014
Done:HWF_0015
Done:HWF_0016
Done:HWF_0017
Done:HWF_0018
Done:HWF_0019
Done:HWF_0020
Done:HWF_0021
Done:HWF_0022
Done:HWF_0023
Done:HWF_0024
Done:HWWS_1
Done:HWWS_2
Done:IHR01
Done:IHR02
Done:IHR03
Done:IHR04
Done:IHR05
Done:IHR06
Done:IHR07
Done:IHR08
Done:IHR09
Done:IHR10
Done:IHR11
Done:IHR12
Done:IHR13
Done:imr
Done:IR_CARBAMATE_EXTENT
Done:IR_CARBAMATE_PRESENCE
Done:IR_INSECTICIDERESISTANCE_PREV
Done:IR_ORGANOCHLORINE_EXTENT
Done:IR_ORGANOCHLORINE_PRESENCE
Done:IR_ORGANOPHOSPHATE_EXTENT
Done:IR_ORGANOPHOSPHATE_PRESENCE
Done:IR_PYRETHROID_EXTENT
Done:IR_PYRETHROID_PRESENCE
Done:itnch
Done:itnwm
Done:ITU_ICT_1
Done:ITU_ICT_2
Done:ITU_IDI
Done:ITU_IDI_RANK
Done:LEAD_1
Done:LEAD_10
Done:LEAD_2
Done:LEAD_3
Done:LEAD_4
Done:LEAD_5
Done:LEAD_6
Done:LEAD_7
Done:LEAD_8
Done:LEAD_9
Done:LEADCONTROL
Done:LIFE_0000000029
Done:LIFE_0000000030
Done:LIFE_0000000031
Done:LIFE_0000000032
Done:LIFE_0000000033
Done:LIFE_0000000034
Done:LIFE_0000000035
Done:M_def_1_prev_adult
Done:M_def_1_prev_youth
Done:M_def_1_text_adult
Done:M_def_1_text_youth
Done:M_def_2_prev_adult
Done:M_def_2_prev_youth
Done:M_def_2_text_adult
Done:M_def_2_text_youth
Done:M_Est_cig_curr
Done:M_Est_cig_daily
Done:M_Est_tob_curr
Done:M_Est_tob_daily
Done:M_Group
Done:M_smkless_age_range_adult
Done:M_smkless_age_range_youth
Done:M_smkless_def_text_adult
Done:M_smkless_def_text_youth
Done:M_smkless_prev_adult
Done:M_smkless_prev_youth
Done:M_smkless_survey_title_adult
Done:M_smkless_survey_title_youth
Done:M_smkless_svy_national_adult
Done:M_smkless_svy_national_youth
Done:M_survey_title_adult
Done:M_survey_title_youth
Done:M_svy_age_adult
Done:M_svy_age_youth
Done:M_svy_national_adult
Done:M_svy_national_youth
Done:MALARIA_15029
Done:MALARIA_15030
Done:MALARIA_15031
Done:MALARIA_15040
Done:MALARIA_15049
Done:MALARIA_15136
Done:MALARIA_15137
Done:MALARIA_15150
Done:MALARIA_15283
Done:MALARIA_15284
Done:MALARIA_15287
Done:MALARIA_15288
Done:MALARIA_15309
Done:MALARIA_15310
Done:MALARIA_20126
Done:MALARIA_30515
Done:MALARIA_30516
Done:MALARIA_30517
Done:MALARIA_30518
Done:MALARIA_30519
Done:MALARIA_30521
Done:MALARIA_30522
Done:MALARIA_30526
Done:MALARIA_30539
Done:MALARIA_30541
Done:MALARIA_30542
Done:MALARIA_30545
Done:MALARIA_30556
Done:MALARIA_30557
Done:MALARIA_30558
Done:MALARIA_HOUSEHOLDITNIRS
Done:MALARIA_ITNPOP
Done:MALARIA001
Done:MALARIA002
Done:MALARIA003
Done:MCV2
Done:MDG_0000000001
Done:MDG_0000000003
Done:MDG_0000000005
Done:MDG_0000000005_AGE1519
Done:MDG_0000000006_AGE1519
Done:MDG_0000000007
Done:MDG_0000000010
Done:MDG_0000000011
Done:MDG_0000000013
Done:MDG_0000000014
Done:MDG_0000000015
Done:MDG_0000000016
Done:MDG_0000000017
Done:MDG_0000000018
Done:MDG_0000000019
Done:MDG_0000000020
Done:MDG_0000000021
Done:MDG_0000000022
Done:MDG_0000000023
Done:MDG_0000000024
Done:MDG_0000000025
Done:MDG_0000000025_AGE1519
Done:MDG_0000000026
Done:MDG_0000000027
Done:MDG_0000000029
Done:MDG_0000000030
Done:MDG_0000000031
Done:MDG_0000000032
Done:MDG_0000000033
Done:MDG_0000000034
Done:MEDS201110200
Done:MEDS201120200C
Done:MEDS2011400C
Done:MEDS2011600C
Done:MEDS201170200C
Done:MEDS2012100S
Done:MEDS2020200C
Done:MEDS3010400
Done:MEDS3010700
Done:MEDS3011000
Done:MEDS3011302
Done:MEDS4020300
Done:MEDS5010200
Done:MEDS5010700
Done:MEDS5020100
Done:MEDS5020600
Done:MEDS5021700S
Done:MEDS5021800S
Done:MEDS5030200
Done:MEDS5050200
Done:MEDS5050900
Done:MEDS5060200
Done:MEDS5070100
Done:MEDS5070300
Done:MEDS5080100
Done:MEDS5090300
Done:MEDS5100400
Done:MEDS5100800
Done:MEDS6010102
Done:MEDS6010103
Done:MEDS6010201
Done:MEDS6010300
Done:MEDS6030100
Done:MEDS6060100
Done:MEDS6060200
Done:MEDS6060300
Done:MEDS7010400
Done:MEDS7020900S
Done:MEDS8010100
Done:MEDS8010200
Done:MEDS8010500
Done:MEDS8010800
Done:MEDS8011200
Done:MEDS8021201
Done:MEDS8021202
Done:MEDS8030400
Done:MEDS8030500
Done:MENING_1
Done:MENING_2
Done:MENING_3
Done:MH_1
Done:MH_10
Done:MH_11
Done:MH_12
Done:MH_13
Done:MH_14
Done:MH_15
Done:MH_16
Done:MH_17
Done:MH_18
Done:MH_19
Done:MH_2
Done:MH_20
Done:MH_24
Done:MH_25
Done:MH_3
Done:MH_4
Done:MH_5
Done:MH_6
Done:MH_7
Done:MH_8
Done:MH_9
Done:MORT_100
Done:MORT_200
Done:MORT_300
Done:MORT_400
Done:MORT_500
Done:MORT_600
Done:MORT_700
Done:MORT_MATERNALNUM
Done:MORTADO
Done:mslv
Done:NCD_BMI_18A
Done:NCD_BMI_18C
Done:NCD_BMI_25A
Done:NCD_BMI_25C
Done:NCD_BMI_30A
Done:NCD_BMI_30C
Done:NCD_BMI_MEAN
Done:NCD_BMI_MEANC
Done:NCD_BMI_MINUS2C
Done:NCD_BMI_PLUS1C
Done:NCD_BMI_PLUS2C
Done:NCD_CCS_ACE
Done:NCD_CCS_AlcPlan
Done:NCD_CCS_Aspirin
Done:NCD_CCS_betablockers
Done:NCD_CCS_BowelCancer
Done:NCD_CCS_BreastCancer
Done:NCD_CCS_breastcancerscreening
Done:NCD_CCS_Bronchodilators
Done:NCD_CCS_CancerPlan
Done:NCD_CCS_CancerRegNational
Done:NCD_CCS_CCBlkrs
Done:NCD_CCS_CervCy
Done:NCD_CCS_cervicalcancermethod
Done:NCD_CCS_cervicalcancerpgmcvg
Done:NCD_CCS_cervicalcancerpgmtype
Done:NCD_CCS_cervicalcancerscreening
Done:NCD_CCS_CholMsmt
Done:NCD_CCS_coronary
Done:NCD_CCS_CRDPlan
Done:NCD_CCS_CVDPlan
Done:NCD_CCS_DiabetesReg
Done:NCD_CCS_DiabetesTest
Done:NCD_CCS_DiabPlan
Done:NCD_CCS_diabtest
Done:NCD_CCS_dialysis
Done:NCD_CCS_dietpaaware
Done:NCD_CCS_DietPlan
Done:NCD_CCS_HbA1c
Done:NCD_CCS_hpv
Done:NCD_CCS_Insulin
Done:NCD_CCS_integNCDplan
Done:NCD_CCS_Metformin
Done:NCD_CCS_Mkting
Done:NCD_CCS_MultisecComm
Done:NCD_CCS_NCDGuide
Done:NCD_CCS_NCDIndicators
Done:NCD_CCS_NCDUnit_Operational
Done:NCD_CCS_Nicotine
Done:NCD_CCS_oralhealthplan
Done:NCD_CCS_OralMorph
Done:NCD_CCS_paaware
Done:NCD_CCS_palliative_home
Done:NCD_CCS_palliative_prim
Done:NCD_CCS_PAPlan
Done:NCD_CCS_photocoag
Done:NCD_CCS_PM3_Surv
Done:NCD_CCS_renaltrans
Done:NCD_CCS_rheum
Done:NCD_CCS_rheumfollowup
Done:NCD_CCS_rheumreg
Done:NCD_CCS_riskstrat
Done:NCD_CCS_SaltPol
Done:NCD_CCS_SatFat
Done:NCD_CCS_Spirom
Done:NCD_CCS_SSBTAX
Done:NCD_CCS_Statins
Done:NCD_CCS_Steroid
Done:NCD_CCS_stroke
Done:NCD_CCS_sulphonylurea
Done:NCD_CCS_SurvMonRep9NCD
Done:NCD_CCS_targets
Done:NCD_CCS_Thiazide
Done:NCD_CCS_thrombolytic
Done:NCD_CCS_TobPlan
Done:NCD_CCS_UrineAlbumin
Done:NCD_DTH_TOT
Done:NCD_GLUC_01
Done:NCD_GLUC_02
Done:NCD_GLUC_03
Done:NCD_GLUC_04
Done:NCD_PAA
Done:NCD_PAC
Done:NCD_PAC_ADO
Done:NCD_UNDER70
Done:NCDMORT3070
Done:NHABASIS
Done:nmr
Done:NTCP_agcy
Done:NTCP_budget_year
Done:NTCP_curr
Done:NTCP_FTE
Done:NTCP_govt_exp
Done:NTCP_govt_obj
Done:NTD_1
Done:NTD_2
Done:NTD_3
Done:NTD_4
Done:NTD_5
Done:NTD_6
Done:NTD_7
Done:NTD_8
Done:NTD_BEJELSTATUS
Done:NTD_LEISHCEND
Done:NTD_LEISHCNUM
Done:NTD_LEISHCNUM_IM
Done:NTD_LEISHVEND
Done:NTD_LEISHVNUM
Done:NTD_LEISHVNUM_IM
Done:NTD_LEPR11
Done:NTD_LEPR2
Done:NTD_LEPR3
Done:NTD_LEPR4
Done:NTD_LEPR5
Done:NTD_LEPR7
Done:NTD_LEPR8
Done:NTD_LEPR9
Done:NTD_ONCHEMO
Done:NTD_ONCHSTATUS
Done:NTD_ONCTREAT
Done:NTD_PINTASTATUS
Done:NTD_RAB2
Done:NTD_TRA5
Done:NTD_TSOL1
Done:NTD_TSOL2
Done:NTD_TSOL3
Done:NTD_TSOL4
Done:NTD_YAWSEND
Done:NTD_YAWSNUM
Done:NUTOVERWEIGHTNUM
Done:NUTOVERWEIGHTPREV
Done:NUTRITION_2005
Done:NUTRITION_564
Done:NUTRITION_570
Done:NUTRITION_579
Done:NUTRITION_HA_2
Done:NUTRITION_WA_2
Done:NUTRITION_WH_2
Done:NUTRITION_WH_3
Done:NUTRITION_WH2
Done:NUTSEVWASTINGNUM
Done:NUTSEVWASTINGPREV
Done:NUTSTUNTINGNUM
Done:NUTSTUNTINGPREV
Done:NUTUNDERWEIGHTNUM
Done:NUTUNDERWEIGHTPREV
Done:NUTWASTINGNUM
Done:NUTWASTINGPREV
Done:O_Avail_community
Done:O_Avail_hlth_clin
Done:O_Avail_hosp
Done:O_Avail_off_hlth_prof
Done:O_Avail_other
Done:O_Bup_ins
Done:O_Bup_sold
Done:O_Bup_where
Done:O_Group
Done:O_Ins_community
Done:O_Ins_hlth_clin
Done:O_Ins_hosp
Done:O_Ins_off_hlth_prof
Done:O_Ins_other
Done:O_NRT_EML
Done:O_NRT_ins
Done:O_NRT_sold
Done:O_NRT_where
Done:O_Quitline
Done:O_Varen_ins
Done:O_Varen_sold
Done:O_Varen_where
Done:obesewm
Done:OCC_1
Done:OCC_10
Done:OCC_11
Done:OCC_12
Done:OCC_13
Done:OCC_14
Done:OCC_15
Done:OCC_16
Done:OCC_17
Done:OCC_18
Done:OCC_19
Done:OCC_2
Done:OCC_20
Done:OCC_21
Done:OCC_22
Done:OCC_3
Done:OCC_4
Done:OCC_5
Done:OCC_6
Done:OCC_7
Done:OCC_8
Done:OCC_9
Done:ODA_1
Done:ODA_2
Done:ODA_3
Done:ODA_4
Done:ors
Done:ort
Done:overwgt3
Done:overwgt5
Done:P_count_places_sf
Done:P_Group
Done:P1_compliance
Done:P1_healthcare
Done:P10_subnat_auth_exists
Done:P11_fines_any
Done:P12_fines_establishment
Done:P13_fines_smoker
Done:P14_funds_for_enforce
Done:P15_complaints
Done:P16_subnat_complete_bans_exist
Done:P2_compliance
Done:P2_education
Done:P3_compliance
Done:P3_universities
Done:P4_compliance
Done:P4_govt
Done:P5_compliance
Done:P5_indoor_off
Done:P6_compliance
Done:P6_restaurants
Done:P7_compliance
Done:P7_pubs
Done:P8_compliance
Done:P8_pub_transp
Done:P9_all_other
Done:PC_sfe_compliance
Done:PCV3
Done:PercposANC
Done:PercposMSM
Done:PercposSW
Done:PerctestedANC
Done:PerctreatedANC
Done:pncall
Done:pncall3
Done:pncall5
Done:pnchome
Done:pnchome3
Done:pnchome5
Done:poliov
Done:PREVANEMIA
Done:R_Ad_val_average
Done:R_Ad_val_estimate
Done:R_admin_duty_free_allowance
Done:R_admin_duty_free_limited
Done:R_admin_tax_stamps
Done:R_afford_gdp
Done:R_afford_less
Done:R_afford_price_dispersion
Done:R_afford_tax_auto_adjust
Done:R_Curr_mp
Done:R_excise_incr
Done:R_excise_min_specific
Done:R_excise_proportion
Done:R_excise_retail_price_base
Done:R_excise_specific_reliance
Done:R_excise_type
Done:R_excise_uniform_varied
Done:R_Group
Done:R_imp_duty_average
Done:R_imp_duty_estimate
Done:R_Other_average
Done:R_Other_estimate
Done:R_Price_mp_estimate
Done:R_Price_premium_estimate
Done:R_Sp_excise_average
Done:R_Sp_excise_estimate
Done:R_total_tax_average
Done:R_total_tax_estimate
Done:R_VAT_average
Done:R_VAT_estimate
Done:RateCS
Done:Rev_curr
Done:Rev_excise
Done:Rev_govt_total
Done:Rev_imp_other
Done:Rev_type
Done:Rev_VAT
Done:Rev_year
Done:RHR_IPV
Done:RHR_NPSV
Done:ROTAC
Done:RS_1845
Done:RS_193
Done:RS_194
Done:RS_196
Done:RS_198
Done:RS_204
Done:RS_205
Done:RS_207
Done:RS_208
Done:RS_209
Done:RS_210
Done:RS_212
Done:RS_213
Done:RS_214
Done:RS_217
Done:RS_219
Done:RS_223_BIS
Done:RS_225
Done:RS_228
Done:RS_229
Done:RS_237
Done:RS_238
Done:RS_242
Done:RS_246
Done:RS_576
Done:RSUD_1
Done:RSUD_10
Done:RSUD_100
Done:RSUD_11
Done:RSUD_110
Done:RSUD_12
Done:RSUD_120
Done:RSUD_13
Done:RSUD_130
Done:RSUD_14
Done:RSUD_140
Done:RSUD_15
Done:RSUD_150
Done:RSUD_16
Done:RSUD_160
Done:RSUD_17
Done:RSUD_170
Done:RSUD_18
Done:RSUD_180
Done:RSUD_19
Done:RSUD_190
Done:RSUD_2
Done:RSUD_20
Done:RSUD_200
Done:RSUD_21
Done:RSUD_210
Done:RSUD_22
Done:RSUD_220
Done:RSUD_23
Done:RSUD_230
Done:RSUD_240
Done:RSUD_250
Done:RSUD_26
Done:RSUD_260
Done:RSUD_27
Done:RSUD_270
Done:RSUD_28
Done:RSUD_280
Done:RSUD_29
Done:RSUD_290
Done:RSUD_3
Done:RSUD_30
Done:RSUD_300
Done:RSUD_31
Done:RSUD_310
Done:RSUD_32
Done:RSUD_320
Done:RSUD_33
Done:RSUD_330
Done:RSUD_34
Done:RSUD_340
Done:RSUD_35
Done:RSUD_350
Done:RSUD_36
Done:RSUD_360
Done:RSUD_37
Done:RSUD_370
Done:RSUD_38
Done:RSUD_380
Done:RSUD_39
Done:RSUD_390
Done:RSUD_40
Done:RSUD_400
Done:RSUD_41
Done:RSUD_410
Done:RSUD_42
Done:RSUD_420
Done:RSUD_43
Done:RSUD_430
Done:RSUD_44
Done:RSUD_440
Done:RSUD_45
Done:RSUD_450
Done:RSUD_46
Done:RSUD_460
Done:RSUD_47
Done:RSUD_470
Done:RSUD_48
Done:RSUD_480
Done:RSUD_49
Done:RSUD_490
Done:RSUD_5
Done:RSUD_50
Done:RSUD_500
Done:RSUD_51
Done:RSUD_510
Done:RSUD_52
Done:RSUD_520
Done:RSUD_53
Done:RSUD_530
Done:RSUD_54
Done:RSUD_540
Done:RSUD_55
Done:RSUD_550
Done:RSUD_56
Done:RSUD_560
Done:RSUD_57
Done:RSUD_570
Done:RSUD_58
Done:RSUD_580
Done:RSUD_59
Done:RSUD_590
Done:RSUD_60
Done:RSUD_600
Done:RSUD_61
Done:RSUD_610
Done:RSUD_62
Done:RSUD_620
Done:RSUD_63
Done:RSUD_630
Done:RSUD_64
Done:RSUD_640
Done:RSUD_65
Done:RSUD_650
Done:RSUD_66
Done:RSUD_660
Done:RSUD_67
Done:RSUD_670
Done:RSUD_68
Done:RSUD_680
Done:RSUD_69
Done:RSUD_690
Done:RSUD_7
Done:RSUD_70
Done:RSUD_700
Done:RSUD_71
Done:RSUD_710
Done:RSUD_72
Done:RSUD_720
Done:RSUD_73
Done:RSUD_730
Done:RSUD_74
Done:RSUD_740
Done:RSUD_75
Done:RSUD_750
Done:RSUD_76
Done:RSUD_760
Done:RSUD_77
Done:RSUD_770
Done:RSUD_78
Done:RSUD_780
Done:RSUD_79
Done:RSUD_790
Done:RSUD_8
Done:RSUD_80
Done:RSUD_800
Done:RSUD_81
Done:RSUD_810
Done:RSUD_82
Done:RSUD_820
Done:RSUD_83
Done:RSUD_830
Done:RSUD_84
Done:RSUD_840
Done:RSUD_85
Done:RSUD_850
Done:RSUD_86
Done:RSUD_860
Done:RSUD_87
Done:RSUD_870
Done:RSUD_88
Done:RSUD_880
Done:RSUD_89
Done:RSUD_890
Done:RSUD_9
Done:RSUD_900
Done:SA_0000001398
Done:SA_0000001398_ARCHIVED
Done:SA_0000001400
Done:SA_0000001400_ARCHIVED
Done:SA_0000001401
Done:SA_0000001401_ARCHIVED
Done:SA_0000001402
Done:SA_0000001402_ARCHIVED
Done:SA_0000001403
Done:SA_0000001403_ARCHIVED
Done:SA_0000001404
Done:SA_0000001404_ARCHIVED
Done:SA_0000001405
Done:SA_0000001405_ARCHIVED
Done:SA_0000001406
Done:SA_0000001406_ARCHIVED
Done:SA_0000001409
Done:SA_0000001409_ARCHIVED
Done:SA_0000001410
Done:SA_0000001411
Done:SA_0000001411_ARCHIVED
Done:SA_0000001412
Done:SA_0000001413
Done:SA_0000001413_ARCHIVED
Done:SA_0000001414
Done:SA_0000001414_ARCHIVED
Done:SA_0000001415_ARCHIVED
Done:SA_0000001416
Done:SA_0000001416_ARCHIVED
Done:SA_0000001417
Done:SA_0000001417_ARCHIVED
Done:SA_0000001418
Done:SA_0000001419
Done:SA_0000001420
Done:SA_0000001421
Done:SA_0000001422
Done:SA_0000001423
Done:SA_0000001424
Done:SA_0000001425
Done:SA_0000001426
Done:SA_0000001427
Done:SA_0000001429
Done:SA_0000001430
Done:SA_0000001431
Done:SA_0000001432
Done:SA_0000001433
Done:SA_0000001434
Done:SA_0000001435
Done:SA_0000001436
Done:SA_0000001437
Done:SA_0000001438
Done:SA_0000001439
Done:SA_0000001440
Done:SA_0000001441
Done:SA_0000001442
Done:SA_0000001443
Done:SA_0000001444
Done:SA_0000001445
Done:SA_0000001446
Done:SA_0000001448
Done:SA_0000001449
Done:SA_0000001450
Done:SA_0000001451
Done:SA_0000001452
Done:SA_0000001453
Done:SA_0000001454
Done:SA_0000001455
Done:SA_0000001456
Done:SA_0000001457
Done:SA_0000001457_ARCHIVED
Done:SA_0000001458
Done:SA_0000001459
Done:SA_0000001459_ARCHIVED
Done:SA_0000001460
Done:SA_0000001461
Done:SA_0000001461_ARCHIVED
Done:SA_0000001462
Done:SA_0000001462_ARCHIVED
Done:SA_0000001463
Done:SA_0000001463_ARCHIVED
Done:SA_0000001464
Done:SA_0000001464_ARCHIVED
Done:SA_0000001465
Done:SA_0000001466
Done:SA_0000001467
Done:SA_0000001468
Done:SA_0000001469
Done:SA_0000001470
Done:SA_0000001470_ARCHIVED
Done:SA_0000001471
Done:SA_0000001471_ARCHIVED
Done:SA_0000001472
Done:SA_0000001473
Done:SA_0000001474
Done:SA_0000001474_ARCHIVED
Done:SA_0000001475
Done:SA_0000001475_ARCHIVED
Done:SA_0000001476
Done:SA_0000001476_ARCHIVED
Done:SA_0000001477
Done:SA_0000001477_ARCHIVED
Done:SA_0000001502
Done:SA_0000001502_ARCHIVED
Done:SA_0000001503
Done:SA_0000001504
Done:SA_0000001504_ARCHIVED
Done:SA_0000001506
Done:SA_0000001506_ARCHIVED
Done:SA_0000001507
Done:SA_0000001507_ARCHIVED
Done:SA_0000001508
Done:SA_0000001508_ARCHIVED
Done:SA_0000001509
Done:SA_0000001509_ARCHIVED
Done:SA_0000001510
Done:SA_0000001510_ARCHIVED
Done:SA_0000001511
Done:SA_0000001511_ARCHIVED
Done:SA_0000001512
Done:SA_0000001512_ARCHIVED
Done:SA_0000001513
Done:SA_0000001513_ARCHIVED
Done:SA_0000001514
Done:SA_0000001514_ARCHIVED
Done:SA_0000001515
Done:SA_0000001515_ARCHIVED
Done:SA_0000001516
Done:SA_0000001516_ARCHIVED
Done:SA_0000001517
Done:SA_0000001517_ARCHIVED
Done:SA_0000001518
Done:SA_0000001518_ARCHIVED
Done:SA_0000001519
Done:SA_0000001520
Done:SA_0000001521
Done:SA_0000001521_ARCHIVED
Done:SA_0000001523
Done:SA_0000001523_ARCHIVED
Done:SA_0000001525
Done:SA_0000001525_ARCHIVED
Done:SA_0000001526
Done:SA_0000001526_ARCHIVED
Done:SA_0000001527
Done:SA_0000001527_ARCHIVED
Done:SA_0000001528
Done:SA_0000001528_ARCHIVED
Done:SA_0000001529
Done:SA_0000001529_ARCHIVED
Done:SA_0000001530
Done:SA_0000001530_ARCHIVED
Done:SA_0000001531
Done:SA_0000001531_ARCHIVED
Done:SA_0000001532
Done:SA_0000001532_ARCHIVED
Done:SA_0000001533
Done:SA_0000001533_ARCHIVED
Done:SA_0000001534
Done:SA_0000001534_ARCHIVED
Done:SA_0000001535
Done:SA_0000001535_ARCHIVED
Done:SA_0000001536
Done:SA_0000001536_ARCHIVED
Done:SA_0000001537
Done:SA_0000001537_ARCHIVED
Done:SA_0000001538
Done:SA_0000001538_ARCHIVED
Done:SA_0000001539
Done:SA_0000001539_ARCHIVED
Done:SA_0000001540
Done:SA_0000001540_ARCHIVED
Done:SA_0000001541
Done:SA_0000001541_ARCHIVED
Done:SA_0000001542
Done:SA_0000001542_ARCHIVED
Done:SA_0000001543
Done:SA_0000001543_ARCHIVED
Done:SA_0000001544
Done:SA_0000001544_ARCHIVED
Done:SA_0000001545
Done:SA_0000001545_ARCHIVED
Done:SA_0000001546
Done:SA_0000001546_ARCHIVED
Done:SA_0000001547
Done:SA_0000001547_ARCHIVED
Done:SA_0000001548
Done:SA_0000001548_ARCHIVED
Done:SA_0000001549
Done:SA_0000001549_ARCHIVED
Done:SA_0000001550
Done:SA_0000001550_ARCHIVED
Done:SA_0000001551
Done:SA_0000001551_ARCHIVED
Done:SA_0000001553
Done:SA_0000001553_ARCHIVED
Done:SA_0000001554
Done:SA_0000001554_ARCHIVED
Done:SA_0000001555
Done:SA_0000001555_ARCHIVED
Done:SA_0000001647
Done:SA_0000001647_ARCHIVED
Done:SA_0000001648
Done:SA_0000001649
Done:SA_0000001650
Done:SA_0000001650_ARCHIVED
Done:SA_0000001651
Done:SA_0000001652
Done:SA_0000001653
Done:SA_0000001654
Done:SA_0000001655
Done:SA_0000001676
Done:SA_0000001677
Done:SA_0000001678
Done:SA_0000001679
Done:SA_0000001680
Done:SA_0000001681
Done:SA_0000001682
Done:SA_0000001683
Done:SA_0000001684
Done:SA_0000001685
Done:SA_0000001686
Done:SA_0000001687
Done:SA_0000001688
Done:SA_0000001688_ARCHIVED
Done:SA_0000001689
Done:SA_0000001690
Done:SA_0000001691
Done:SA_0000001691_ARCHIVED
Done:SA_0000001692
Done:SA_0000001692_ARCHIVED
Done:SA_0000001693
Done:SA_0000001693_ARCHIVED
Done:SA_0000001694
Done:SA_0000001694_ARCHIVED
Done:SA_0000001695
Done:SA_0000001695_ARCHIVED
Done:SA_0000001696
Done:SA_0000001696_ARCHIVED
Done:SA_0000001697
Done:SA_0000001698
Done:SA_0000001699
Done:SA_0000001699_ARCHIVED
Done:SA_0000001700
Done:SA_0000001701
Done:SA_0000001702
Done:SA_0000001703
Done:SA_0000001704
Done:SA_0000001705
Done:SA_0000001706
Done:SA_0000001707
Done:SA_0000001708
Done:SA_0000001709
Done:SA_0000001710
Done:SA_0000001711
Done:SA_0000001712
Done:SA_0000001713
Done:SA_0000001714
Done:SA_0000001715
Done:SA_0000001716
Done:SA_0000001717
Done:SA_0000001719
Done:SA_0000001719_ARCHIVED
Done:SA_0000001720
Done:SA_0000001720_ARCHIVED
Done:SA_0000001721
Done:SA_0000001721_ARCHIVED
Done:SA_0000001722
Done:SA_0000001722_ARCHIVED
Done:SA_0000001723
Done:SA_0000001723_ARCHIVED
Done:SA_0000001724
Done:SA_0000001724_ARCHIVED
Done:SA_0000001725
Done:SA_0000001725_ARCHIVED
Done:SA_0000001726
Done:SA_0000001726_ARCHIVED
Done:SA_0000001727
Done:SA_0000001727_ARCHIVED
Done:SA_0000001728
Done:SA_0000001728_ARCHIVED
Done:SA_0000001729
Done:SA_0000001730
Done:SA_0000001730_ARCHIVED
Done:SA_0000001731
Done:SA_0000001731_ARCHIVED
Done:SA_0000001732
Done:SA_0000001732_ARCHIVED
Done:SA_0000001733
Done:SA_0000001733_ARCHIVED
Done:SA_0000001734
Done:SA_0000001734_ARCHIVED
Done:SA_0000001735
Done:SA_0000001735_ARCHIVED
Done:SA_0000001736
Done:SA_0000001736_ARCHIVED
Done:SA_0000001737
Done:SA_0000001737_ARCHIVED
Done:SA_0000001739
Done:SA_0000001739_ARCHIVED
Done:SA_0000001740
Done:SA_0000001741
Done:SA_0000001741_ARCHIVED
Done:SA_0000001742
Done:SA_0000001742_ARCHIVED
Done:SA_0000001743
Done:SA_0000001743_ARCHIVED
Done:SA_0000001744
Done:SA_0000001744_ARCHIVED
Done:SA_0000001745
Done:SA_0000001745_ARCHIVED
Done:SA_0000001746
Done:SA_0000001746_ARCHIVED
Done:SA_0000001747
Done:SA_0000001747_ARCHIVED
Done:SA_0000001748
Done:SA_0000001748_ARCHIVED
Done:SA_0000001749
Done:SA_0000001749_ARCHIVED
Done:SA_0000001751
Done:SA_0000001751_ARCHIVED
Done:SA_0000001752
Done:SA_0000001752_ARCHIVED
Done:SA_0000001753_ARCHIVED
Done:SA_0000001754
Done:SA_0000001754_ARCHIVED
Done:SA_0000001755
Done:SA_0000001755_ARCHIVED
Done:SA_0000001756
Done:SA_0000001757
Done:SA_0000001757_ARCHIVED
Done:SA_0000001758
Done:SA_0000001758_ARCHIVED
Done:SA_0000001759
Done:SA_0000001759_ARCHIVED
Done:SA_0000001760
Done:SA_0000001760_ARCHIVED
Done:SA_0000001761
Done:SA_0000001762
Done:SA_0000001762_ARCHIVED
Done:SA_0000001763
Done:SA_0000001763_ARCHIVED
Done:SA_0000001764
Done:SA_0000001764_ARCHIVED
Done:SA_0000001765
Done:SA_0000001765_ARCHIVED
Done:SA_0000001766
Done:SA_0000001766_ARCHIVED
Done:SA_0000001767
Done:SA_0000001767_ARCHIVED
Done:SA_0000001768
Done:SA_0000001768_ARCHIVED
Done:SA_0000001769
Done:SA_0000001769_ARCHIVED
Done:SA_0000001770
Done:SA_0000001770_ARCHIVED
Done:SA_0000001771
Done:SA_0000001771_ARCHIVED
Done:SA_0000001772
Done:SA_0000001772_ARCHIVED
Done:SA_0000001773
Done:SA_0000001773_ARCHIVED
Done:SA_0000001774
Done:SA_0000001774_ARCHIVED
Done:SA_0000001775
Done:SA_0000001775_ARCHIVED
Done:SA_0000001776
Done:SA_0000001776_ARCHIVED
Done:SA_0000001777
Done:SA_0000001777_ARCHIVED
Done:SA_0000001779
Done:SA_0000001781
Done:SA_0000001781_ARCHIVED
Done:SA_0000001782
Done:SA_0000001782_ARCHIVED
Done:SA_0000001783
Done:SA_0000001783_ARCHIVED
Done:SA_0000001784
Done:SA_0000001784_ARCHIVED
Done:SA_0000001786
Done:SA_0000001786_ARCHIVED
Done:SA_0000001787
Done:SA_0000001787_ARCHIVED
Done:SA_0000001788
Done:SA_0000001788_ARCHIVED
Done:SA_0000001789
Done:SA_0000001789_ARCHIVED
Done:SA_0000001790
Done:SA_0000001791
Done:SA_0000001792
Done:SA_0000001793
Done:SA_0000001794
Done:SA_0000001795
Done:SA_0000001796
Done:SA_0000001797
Done:SA_0000001798
Done:SA_0000001799
Done:SA_0000001800
Done:SA_0000001801
Done:SA_0000001802
Done:SA_0000001803
Done:SA_0000001804
Done:SA_0000001805
Done:SA_0000001806
Done:SA_0000001807
Done:SA_0000001808
Done:SA_0000001809
Done:SA_0000001810
Done:SA_0000001811
Done:SA_0000001812
Done:SA_0000001813
Done:SA_0000001814
Done:SA_0000001815
Done:SA_0000001816
Done:SA_0000001817
Done:SA_0000001818
Done:SA_0000001819
Done:SA_0000001820
Done:SA_0000001821
Done:SA_0000001821_ARCHIVED
Done:SA_0000001822
Done:SA_0000001822_ARCHIVED
Done:SA_0000001823
Done:SA_0000001823_ARCHIVED
Done:SA_0000001824
Done:SA_0000001825
Done:SA_0000001826
Done:SA_0000001827
Done:SA_0000001828
Done:SA_0000001829
Done:SA_0000001830
Done:SA_0000001831
Done:sba
Done:sba5
Done:SDG_SH_DTH_RNCOM
Done:SDGAIRBOD
Done:SDGAIRBODA
Done:SDGCODCOMPLETENESS
Done:SDGCONFLICT
Done:SDGDISASTER
Done:SDGFP
Done:SDGHEPHBSAGPRV
Done:SDGHIV
Done:SDGIHR
Done:SDGMALARIA
Done:SDGNTDTREATMENT
Done:SDGODA
Done:SDGODA01
Done:SDGPM25
Done:SDGPOISON
Done:SDGPOLLUTINGFUELS
Done:SDGSHP
Done:SDGSUICIDE
Done:SDGTOBACCO
Done:SDGWSHBOD
Done:SE_DEV_ONTRK
Done:SE_G23_MATH
Done:SE_G23_RDG
Done:SE_LSC_MATH
Done:SE_LSC_RDNG
Done:SE_PRE_PARTN
Done:SE_PRM_MATH
Done:SE_PRM_RDNG
Done:SG_DMK_SRCR_FN_ZS
Done:SG_REG_CENSUS
Done:SH_STA_FGMS
Done:SHS_1
Done:SHS_10
Done:SHS_11
Done:SHS_2
Done:SHS_3
Done:SHS_4
Done:SHS_5
Done:SHS_6
Done:SHS_7
Done:SHS_8
Done:SHS_9
Done:SI_POV_DAY1
Done:SP_DYN_MRBF15
Done:SP_DYN_MRBF18
Done:stunt3
Done:stunt5
Done:SUNBEDEXIST
Done:SUNBEDEXISTSUBNATIONAL
Done:SUNBEDEXISTYEAR
Done:SUNBEDREG_ACCESS
Done:SUNBEDREG_CONTROL
Done:SUNBEDREG_INFO
Done:SUNBEDREG_SAFETY
Done:SUNBEDREG_TRAINING
Done:TB_1
Done:TB_c_dst_rlt_new_pct
Done:TB_c_dst_rlt_ret_pct
Done:TB_c_lab_cul_5m
Done:TB_c_lab_dst_5m
Done:TB_c_lab_sm_100k
Done:TB_c_mdr_tsr
Done:TB_c_mdr_tx
Done:TB_c_new_snep_tsr
Done:TB_c_new_tsr
Done:TB_c_newinc
Done:TB_c_notified
Done:TB_c_ret_tsr
Done:TB_c_tbhiv_tsr
Done:TB_c_xdr_tsr
Done:TB_conf_mdr_tx_pct
Done:TB_e_inc_num
Done:TB_e_inc_num_014
Done:TB_e_inc_tbhiv_100k
Done:TB_e_inc_tbhiv_num
Done:TB_e_mdr_num
Done:TB_e_mort_exc_tbhiv_num
Done:TB_e_prev_num
Done:TB_effective_treatment_coverage
Done:TB_hiv_art_pct
Done:TB_hiv_cpt_pct
Done:TB_hivtest_pct
Done:TB_hivtest_pos_pct
Done:TB_mdr
Done:TB_new_clindx
Done:TB_new_ep
Done:TB_new_labconf
Done:TB_new_oth
Done:TB_new_sn
Done:TB_new_snsuoth
Done:TB_new_sp
Done:TB_new_su
Done:TB_newret_oth
Done:TB_ret_nrel
Done:TB_ret_oth
Done:TB_ret_rel
Done:TB_ret_rel_clindx
Done:TB_ret_rel_ep
Done:TB_ret_rel_labconf
Done:TB_ret_tad
Done:TB_ret_taf
Done:TB_rr_mdr
Done:TB_sldst_avail
Done:TB_tot_newrel
Done:tfr
Done:TOBACCO_0000000192
Done:TOBACCO_0000000209
Done:TOBACCO_0000000210
Done:TOBACCO_0000000211
Done:TOBACCO_0000000212
Done:TOBACCO_0000000213
Done:TOBACCO_0000000342
Done:TOBACCO_0000000344
Done:TOBACCO_0000000345
Done:TOBACCO_0000000346
Done:TOBACCO_0000000347
Done:TOBACCO_0000000361
Done:TOBACCO_0000000362
Done:TOBACCO_0000000363
Done:TOBACCO_0000000364
Done:TOBACCO_0000000365
Done:TOBACCO_0000000366
Done:TOBACCO_0000000367
Done:TOBACCO_0000000368
Done:TOBACCO_0000000369
Done:TOBACCO_0000000370
Done:TOBACCO_0000000371
Done:TOBACCO_0000000372
Done:TOBACCO_0000000386
Done:TOBACCO_0000000387
Done:TOBACCO_0000000388
Done:TOBACCO_0000000389
Done:TOBACCO_0000000390
Done:TOBACCO_0000000391
Done:TOBACCO_0000000392
Done:TOBACCO_0000000393
Done:TOBACCO_0000000394
Done:TOBACCO_0000000395
Done:TOBACCO_0000000396
Done:TOBACCO_0000000505
Done:TOBACCO_0000000506
Done:TOBACCO_0000000507
Done:TOTENV_1
Done:TOTENV_10
Done:TOTENV_11
Done:TOTENV_12
Done:TOTENV_2
Done:TOTENV_3
Done:TOTENV_4
Done:TOTENV_5
Done:TOTENV_6
Done:TOTENV_7
Done:TOTENV_8
Done:TOTENV_9
Done:u5mr
Done:UHC_AVAILABILITY_SCORE
Done:UHC_DATA_AVAIL_CODE
Done:UHC_IHR
Done:UHC_INDEX_REPORTED
Done:UNICEF_ORS
Done:UNICEF_PNCMOTHER
Done:UNICEF_PNCNEWBORN
Done:UV_1
Done:UV_2
Done:UV_3
Done:UV_4
Done:UV_5
Done:uweight3
Done:uweight5
Done:VC_VAW_SXVLN
Done:VIOLENCE_CHILD_EMOTIONAL
Done:VIOLENCE_CHILD_NEGLECT
Done:VIOLENCE_CHILD_PHYSICAL
Done:VIOLENCE_CHILD_SEXUAL
Done:VIOLENCE_EXTENTIMP_ALLTYPES
Done:VIOLENCE_EXTENTIMP_CHILDHOMEVISIT
Done:VIOLENCE_EXTENTIMP_CHILDPROTECTION
Done:VIOLENCE_EXTENTIMP_ELDERCAREGIVER
Done:VIOLENCE_EXTENTIMP_PARTNERVIOLPREVENTION
Done:VIOLENCE_EXTENTIMP_VICTIMSMEDICOLEGAL
Done:VIOLENCE_EXTENTIMP_YOUTHLIFESKILLS
Done:VIOLENCE_HOMICIDENUM
Done:VIOLENCE_HOMICIDERATE
Done:vita
Done:W_Group
Done:W1_HW_law_A
Done:W1_HW_law_B
Done:W1_HW_law_C
Done:W10_graphic_A
Done:W10_graphic_B
Done:W10_graphic_C
Done:W11_outside_pack_A
Done:W11_outside_pack_B
Done:W11_outside_pack_C
Done:W12_imports_dutyfree_A
Done:W12_imports_dutyfree_B
Done:W12_imports_dutyfree_C
Done:W13_ind_liability_A
Done:W13_ind_liability_B
Done:W13_ind_liability_C
Done:W14_harm_effects_A
Done:W14_harm_effects_B
Done:W14_harm_effects_C
Done:W15_specific_hw_A
Done:W15_specific_hw_B
Done:W15_specific_hw_C
Done:W16_number_hw_A
Done:W16_number_hw_B
Done:W16_number_hw_C
Done:W17_fines_A
Done:W17_fines_B
Done:W17_fines_C
Done:W18_misleading_terms_A
Done:W18_misleading_terms_B
Done:W18_misleading_terms_C
Done:W19_colours_numbers_A
Done:W19_colours_numbers_B
Done:W19_colours_numbers_C
Done:W2_pc_front_back_A
Done:W2_pc_front_back_B
Done:W2_pc_front_back_C
Done:W20_flavours_A
Done:W20_flavours_B
Done:W20_flavours_C
Done:W21_emissions_A
Done:W21_emissions_quant_B
Done:W21_emissions_quant_C
Done:W22_emissions_qual_A
Done:W22_emissions_qual_B
Done:W22_emissions_qual_C
Done:W23_emissions_front_back_A
Done:W23_emissions_front_back_B
Done:W23_emissions_front_back_C
Done:W24_exp_date_A
Done:W24_exp_date_B
Done:W24_exp_date_C
Done:W25_quitline_number_A
Done:W25_quitline_number_B
Done:W25_quitline_number_C
Done:W26_plain_packaging_A
Done:W26_plain_packaging_B
Done:W26_plain_packaging_C
Done:W27_smokeless_prod_ban
Done:W3_pc_front_A
Done:W3_pc_front_B
Done:W3_pc_front_C
Done:W4_pc_back_A
Done:W4_pc_back_B
Done:W4_pc_back_C
Done:W5_top_side_A
Done:W5_top_side_B
Done:W5_top_side_C
Done:W6_font_A
Done:W6_font_B
Done:W6_font_C
Done:W7_rotation_A
Done:W7_rotation_B
Done:W7_rotation_C
Done:W8_princ_langs_A
Done:W8_princ_langs_B
Done:W8_princ_langs_C
Done:W9_no_obscure_A
Done:W9_no_obscure_B
Done:W9_no_obscure_C
Done:wast3
Done:wast5
Done:WHOSIS_000001
Done:WHOSIS_000002
Done:WHOSIS_000003
Done:WHOSIS_000004
Done:WHOSIS_000005
Done:WHOSIS_000006
Done:WHOSIS_000007
Done:WHOSIS_000008
Done:WHOSIS_000009
Done:WHOSIS_000010
Done:WHOSIS_000012
Done:WHOSIS_000013
Done:WHOSIS_000014
Done:WHOSIS_000015
Done:WHS_PBR
Done:WHS10_1
Done:WHS10_10
Done:WHS10_2
Done:WHS10_3
Done:WHS10_4
Done:WHS10_5
Done:WHS10_6
Done:WHS10_7
Done:WHS10_8
Done:WHS10_9
Done:WHS2_126
Done:WHS2_131
Done:WHS2_138
Done:WHS2_152
Done:WHS2_160
Done:WHS2_161
Done:WHS2_174
Done:WHS3_40
Done:WHS3_41
Done:WHS3_42
Done:WHS3_43
Done:WHS3_45
Done:WHS3_46
Done:WHS3_47
Done:WHS3_48
Done:WHS3_49
Done:WHS3_50
Done:WHS3_51
Done:WHS3_52
Done:WHS3_522
Done:WHS3_53
Done:WHS3_54
Done:WHS3_55
Done:WHS3_56
Done:WHS3_57
Done:WHS3_62
Done:WHS4_100
Done:WHS4_106
Done:WHS4_107
Done:WHS4_108
Done:WHS4_111
Done:WHS4_111_AGE1519
Done:WHS4_115
Done:WHS4_117
Done:WHS4_124
Done:WHS4_128
Done:WHS4_129
Done:WHS4_154
Done:WHS4_543
Done:WHS4_544
Done:WHS4_99
Done:WHS5_512
Done:WHS6_100
Done:WHS6_101
Done:WHS6_102
Done:WHS6_116
Done:WHS6_123
Done:WHS6_127
Done:WHS6_140
Done:WHS6_144
Done:WHS6_148
Done:WHS6_150
Done:WHS6_517
Done:WHS6_518
Done:WHS6_519
Done:WHS6_520
Done:WHS7_103
Done:WHS7_104
Done:WHS7_105
Done:WHS7_108
Done:WHS7_113
Done:WHS7_120
Done:WHS7_134
Done:WHS7_139
Done:WHS7_143
Done:WHS7_147
Done:WHS7_149
Done:WHS7_150
Done:WHS7_156
Done:WHS8_110
Done:WHS9_85
Done:WHS9_86
Done:WHS9_87
Done:WHS9_88
Done:WHS9_89
Done:WHS9_90
Done:WHS9_91
Done:WHS9_92
Done:WHS9_93
Done:WHS9_94
Done:WHS9_95
Done:WHS9_96
Done:WHS9_97
Done:WHS9_CBR
Done:WHS9_CDR
Done:WHS9_CS
Done:W-MM_Group
Done:WSH_1
Done:WSH_10
Done:WSH_10_HYG
Done:WSH_10_SAN
Done:WSH_10_WAT
Done:WSH_2
Done:WSH_20
Done:WSH_20_HYG
Done:WSH_20_SAN
Done:WSH_20_WAT
Done:WSH_3
Done:WSH_30
Done:WSH_30_HYG
Done:WSH_30_SAN
Done:WSH_30_WAT
Done:WSH_4
Done:WSH_5
Done:WSH_6
Done:WSH_7
Done:WSH_8
Done:WSH_HYGIENE_BASIC
Done:WSH_SANITATION_BASIC
Done:WSH_SANITATION_OD
Done:WSH_SANITATION_SAFELY_MANAGED
Done:WSH_WATER_BASIC
Done:WSH_WATER_SAFELY_MANAGED
Done:NCD_CCS_ARB
Done:IHRSPAR_CAPACITY01
Done:E_compl_e10
Done:R_earmarking
Done:IHRSPAR_CAPACITY03
Done:P_compl_p4
Done:Adult_nonsmoked_national
Done:Yth_nonsmoked_svy_yr
Done:E_compl_e14
Done:bfearly
Done:W21_emissions_quant_A
Done:IHRSPAR_CAPACITY07
Done:O_Cytisine_sold
Done:IHRSPAR_CAPACITY06
Done:IHRSPAR_CAPACITY10
Done:Adult_curr_smokeless
Done:E23_vending_machines
Done:FINPROTECTION_IMP_BNLFHU_FURIMP_HH
Done:IHRSPAR_CAPACITY13
Done:E22_subnational_authority_exists
Done:P_compl_p1
Done:SDGIPV
Done:Yth_nonsmoked_svy_title
Done:Yth_curr_cig_smoking
Done:SDGHEALTHFACILITIESESSENTIALMEDS
Done:E_compl_all_dir
Done:Adult_svy_national
Done:IHRSPAR_CAPACITY02
Done:Yth_daily_smokeless
Done:Adult_nonsmoked_age_grp
Done:P_compl_p5
Done:E_compl_e_all_indir
Done:NCD_CCS_bone_marrow
Done:GASPRP
Done:UHC_SCI_INFECT
Done:IHRSPAR_CAPACITY11
Done:IHRSPAR_CAPACITY12
Done:TB_e_inc_rr_num
Done:Adult_curr_e-cig
Done:cpmowho
Done:IHRSPAR_CAPACITY05
Done:R_Price_lowest_cost_estimate
Done:IHRSPAR_CAPACITY08
Done:M_Est_smk_curr
Done:E_compl_e6
Done:GASPRSCFM
Done:O_Cytisine_where
Done:vbcg
Done:UHC_SCI_CAPACITY
Done:FINPROTECTION_IMP_BNLFHU_P_HH
Done:MH_27
Done:Adult_daily_smokeless
Done:uwgt5
Done:E17a_csr_ban
Done:HIV_0000000028
Done:E_compl_e12
Done:P_compl_p6
Done:M_Est_cig_daily_std
Done:FAMILYPLANNINGUNPDUHC
Done:E_compl_e5
Done:M_Est_cig_curr_std
Done:E_compl_e3
Done:SDGFPALL
Done:Youth_svy_age_range
Done:P_compl_p2
Done:UHC_SCI_RMNCH
Done:E_compl_e9
Done:UHC_SCI_NCD
Done:Yth_daily_tob_smoking
Done:LBW_NUMBER
Done:FINPROTECTION_IMP_NP_REL_LEVEL_MILLION
Done:Adult_survey_title
Done:LBW_PREVALENCE
Done:SRHINSTITUTIONALBIRTH
Done:FINPROTECTION_IMP_NPRELPL_POP
Done:HIV_0000000027
Done:GASPRSCIP
Done:AMRGLASS_SURVL04
Done:Yth_curr_smokeless
Done:P_compl_p7
Done:Adult_curr_cig_smoking
Done:SDGHPVRECEIVED
Done:Adult_curr_tob_use
Done:Yth_daily_cig_smoking
Done:GASPRSESC
Done:GASPRSAZM
Done:Yth_daily_e-cig
Done:AMRGLASS_SURVL05
Done:Camp_media_monitor
Done:GASPRSCRO
Done:Yth_nonsmoked_national
Done:E17b_csr_promo_self
Done:Youth_svy_yr
Done:P_comprehensive_subnat
Done:VACCINEPREVENTABLE_WILDPOLIO
Done:M_Est_smk_daily
Done:FINPROTECTION_IMP_PG_RELPL_STD
Done:IHRSPAR_CAPACITY09
Done:Adult_curr_tob_smoking
Done:Yth_daily_tob_use
Done:NCD_CCS_TransFat
Done:E17c_csr_promo_others
Done:E_comprehensive_subnat
Done:Adult_nonsmoked_svy_title
Done:FINPROTECTION_IMP_BNLFHU_TOT_HH
Done:MH_26
Done:NTD_YAWSNUM_CONF
Done:vfull
Done:E_compl_e15
Done:E_compl_e13
Done:E_compl_e1
Done:O_Cytisine_ins
Done:R_admin_tax_stamps_cig
Done:ICD11_IMPL_LVL
Done:P_compl_p8
Done:M_Est_smk_daily_std
Done:HWF_0026
Done:GASPTICIP
Done:Youth_survey_title
Done:Yth_curr_tob_smoking
Done:HWF_0025
Done:R_admin_tax_stamps_other
Done:Yth_curr_tob_use
Done:R_afford_cat
Done:Yth_nonsmoked_age_grp
Done:bmi30wm
Done:NTD_YAWSNUM_SUSP
Done:sevwast5
Done:Adult_svy_yr
Done:vmsl
Done:fpsmowho
Done:HIV_0000000029
Done:FINPROTECTION_IMP_NP_REL_LEVEL_SH
Done:Yth_curr_e-cig
Done:Adult_daily_tob_smoking
Done:Adult_nonsmoked_svy_yr
Done:M_Est_tob_daily_std
Done:R_admin_duty_free_banned
Done:NTD_LEPR13
Done:Youth_svy_national
Done:Adult_daily_e-cig
Done:GASPTIAZM
Done:GASPTIESC
Done:P_compl_all_sfe
Done:Adult_daily_cig_smoking
Done:GASPTICRO
Done:R_min_price_policy
Done:M_Est_tob_curr_std
Done:GASPTICFM
Done:SDGIHR2018
Done:Adult_daily_tob_use
Done:Adult_svy_age_range
Done:P_compl_p3
Done:vpolio
Done:E21a_direct_ad_fines
Done:UHCTRANSFATS
Done:SE_PRM_PRSL_ZS
Done:E_compl_e11
Done:E6a_pt_of_sale
Done:E21b_indirect_ad_fines
Done:FINPROTECTION_CATA_CTPFHU_40_HH
Done:M_Est_smk_curr_std
Done:IHRSPAR_CAPACITY04
Done:vdpt
